<?xml version="1.0" encoding="UTF-8"?>
<coverage generated="1758620239014" clover="3.2.0">
  <project timestamp="1758620239014" name="All files">
    <metrics statements="332" coveredstatements="195" conditionals="40" coveredconditionals="35" methods="17" coveredmethods="12" elements="389" coveredelements="242" complexity="0" loc="332" ncloc="332" packages="4" files="6" classes="6"/>
    <package name="src">
      <metrics statements="151" coveredstatements="93" conditionals="21" coveredconditionals="17" methods="8" coveredmethods="5"/>
      <file name="App.tsx" path="C:\ReactProject\react-phase-1\src\App.tsx">
        <metrics statements="141" coveredstatements="93" conditionals="20" coveredconditionals="17" methods="7" coveredmethods="5"/>
        <line num="1" count="1" type="stmt"/>
        <line num="2" count="1" type="stmt"/>
        <line num="3" count="1" type="stmt"/>
        <line num="4" count="1" type="stmt"/>
        <line num="5" count="1" type="stmt"/>
        <line num="14" count="42" type="cond" truecount="1" falsecount="0"/>
        <line num="19" count="42" type="stmt"/>
        <line num="20" count="42" type="stmt"/>
        <line num="21" count="42" type="stmt"/>
        <line num="22" count="42" type="stmt"/>
        <line num="23" count="42" type="stmt"/>
        <line num="24" count="42" type="stmt"/>
        <line num="27" count="42" type="cond" truecount="1" falsecount="0"/>
        <line num="28" count="15" type="cond" truecount="1" falsecount="0"/>
        <line num="29" count="15" type="stmt"/>
        <line num="30" count="15" type="stmt"/>
        <line num="31" count="15" type="stmt"/>
        <line num="32" count="15" type="stmt"/>
        <line num="33" count="15" type="cond" truecount="0" falsecount="1"/>
        <line num="34" count="0" type="stmt"/>
        <line num="35" count="0" type="stmt"/>
        <line num="36" count="15" type="stmt"/>
        <line num="37" count="15" type="stmt"/>
        <line num="38" count="15" type="stmt"/>
        <line num="39" count="42" type="stmt"/>
        <line num="41" count="42" type="cond" truecount="1" falsecount="0"/>
        <line num="42" count="3" type="stmt"/>
        <line num="43" count="3" type="stmt"/>
        <line num="44" count="3" type="stmt"/>
        <line num="46" count="42" type="stmt"/>
        <line num="47" count="0" type="stmt"/>
        <line num="48" count="0" type="stmt"/>
        <line num="49" count="0" type="stmt"/>
        <line num="50" count="0" type="stmt"/>
        <line num="51" count="0" type="stmt"/>
        <line num="52" count="0" type="stmt"/>
        <line num="55" count="0" type="stmt"/>
        <line num="56" count="0" type="stmt"/>
        <line num="57" count="0" type="stmt"/>
        <line num="58" count="0" type="stmt"/>
        <line num="59" count="0" type="stmt"/>
        <line num="60" count="0" type="stmt"/>
        <line num="61" count="0" type="stmt"/>
        <line num="63" count="0" type="stmt"/>
        <line num="64" count="0" type="stmt"/>
        <line num="65" count="0" type="stmt"/>
        <line num="67" count="0" type="stmt"/>
        <line num="68" count="0" type="stmt"/>
        <line num="70" count="0" type="stmt"/>
        <line num="72" count="0" type="stmt"/>
        <line num="73" count="0" type="stmt"/>
        <line num="74" count="0" type="stmt"/>
        <line num="75" count="0" type="stmt"/>
        <line num="76" count="0" type="stmt"/>
        <line num="77" count="0" type="stmt"/>
        <line num="78" count="0" type="stmt"/>
        <line num="80" count="0" type="stmt"/>
        <line num="81" count="0" type="stmt"/>
        <line num="82" count="0" type="stmt"/>
        <line num="85" count="0" type="stmt"/>
        <line num="86" count="0" type="stmt"/>
        <line num="87" count="0" type="stmt"/>
        <line num="90" count="0" type="stmt"/>
        <line num="92" count="0" type="stmt"/>
        <line num="93" count="0" type="stmt"/>
        <line num="94" count="0" type="stmt"/>
        <line num="95" count="0" type="stmt"/>
        <line num="96" count="0" type="stmt"/>
        <line num="98" count="42" type="cond" truecount="1" falsecount="0"/>
        <line num="99" count="1" type="stmt"/>
        <line num="100" count="1" type="stmt"/>
        <line num="102" count="1" type="stmt"/>
        <line num="103" count="1" type="stmt"/>
        <line num="104" count="1" type="stmt"/>
        <line num="106" count="1" type="cond" truecount="0" falsecount="1"/>
        <line num="107" count="0" type="stmt"/>
        <line num="108" count="0" type="stmt"/>
        <line num="111" count="1" type="stmt"/>
        <line num="112" count="1" type="stmt"/>
        <line num="115" count="1" type="stmt"/>
        <line num="116" count="1" type="stmt"/>
        <line num="117" count="1" type="stmt"/>
        <line num="119" count="1" type="stmt"/>
        <line num="120" count="1" type="cond" truecount="0" falsecount="1"/>
        <line num="121" count="0" type="stmt"/>
        <line num="122" count="0" type="stmt"/>
        <line num="123" count="0" type="stmt"/>
        <line num="124" count="1" type="stmt"/>
        <line num="126" count="42" type="stmt"/>
        <line num="127" count="0" type="stmt"/>
        <line num="128" count="0" type="stmt"/>
        <line num="129" count="0" type="stmt"/>
        <line num="131" count="42" type="cond" truecount="1" falsecount="0"/>
        <line num="133" count="42" type="stmt"/>
        <line num="134" count="42" type="stmt"/>
        <line num="135" count="42" type="stmt"/>
        <line num="136" count="42" type="stmt"/>
        <line num="137" count="42" type="stmt"/>
        <line num="138" count="42" type="stmt"/>
        <line num="139" count="42" type="stmt"/>
        <line num="140" count="42" type="stmt"/>
        <line num="141" count="42" type="stmt"/>
        <line num="142" count="42" type="stmt"/>
        <line num="143" count="42" type="stmt"/>
        <line num="144" count="42" type="cond" truecount="2" falsecount="0"/>
        <line num="145" count="42" type="stmt"/>
        <line num="146" count="42" type="stmt"/>
        <line num="147" count="42" type="stmt"/>
        <line num="149" count="42" type="stmt"/>
        <line num="150" count="42" type="stmt"/>
        <line num="151" count="42" type="stmt"/>
        <line num="152" count="42" type="stmt"/>
        <line num="154" count="42" type="stmt"/>
        <line num="155" count="42" type="stmt"/>
        <line num="156" count="42" type="stmt"/>
        <line num="157" count="42" type="stmt"/>
        <line num="158" count="42" type="cond" truecount="1" falsecount="0"/>
        <line num="160" count="11" type="cond" truecount="1" falsecount="0"/>
        <line num="161" count="2" type="stmt"/>
        <line num="162" count="11" type="cond" truecount="1" falsecount="0"/>
        <line num="163" count="9" type="stmt"/>
        <line num="164" count="9" type="stmt"/>
        <line num="165" count="11" type="stmt"/>
        <line num="166" count="11" type="stmt"/>
        <line num="167" count="42" type="stmt"/>
        <line num="168" count="42" type="stmt"/>
        <line num="169" count="42" type="stmt"/>
        <line num="170" count="42" type="stmt"/>
        <line num="171" count="42" type="cond" truecount="2" falsecount="0"/>
        <line num="172" count="12" type="stmt"/>
        <line num="173" count="12" type="cond" truecount="2" falsecount="0"/>
        <line num="174" count="12" type="cond" truecount="2" falsecount="0"/>
        <line num="175" count="12" type="stmt"/>
        <line num="176" count="12" type="stmt"/>
        <line num="177" count="12" type="stmt"/>
        <line num="178" count="12" type="stmt"/>
        <line num="180" count="42" type="stmt"/>
        <line num="181" count="42" type="stmt"/>
        <line num="182" count="42" type="stmt"/>
        <line num="184" count="42" type="stmt"/>
        <line num="186" count="1" type="stmt"/>
      </file>
      <file name="main.tsx" path="C:\ReactProject\react-phase-1\src\main.tsx">
        <metrics statements="10" coveredstatements="0" conditionals="1" coveredconditionals="0" methods="1" coveredmethods="0"/>
        <line num="1" count="0" type="cond" truecount="0" falsecount="1"/>
        <line num="2" count="0" type="stmt"/>
        <line num="3" count="0" type="stmt"/>
        <line num="4" count="0" type="stmt"/>
        <line num="5" count="0" type="stmt"/>
        <line num="7" count="0" type="stmt"/>
        <line num="8" count="0" type="stmt"/>
        <line num="9" count="0" type="stmt"/>
        <line num="10" count="0" type="stmt"/>
        <line num="11" count="0" type="stmt"/>
      </file>
    </package>
    <package name="src.components">
      <metrics statements="105" coveredstatements="102" conditionals="17" coveredconditionals="17" methods="7" coveredmethods="6"/>
      <file name="CustomerForm.tsx" path="C:\ReactProject\react-phase-1\src\components\CustomerForm.tsx">
        <metrics statements="76" coveredstatements="73" conditionals="10" coveredconditionals="10" methods="5" coveredmethods="4"/>
        <line num="1" count="1" type="stmt"/>
        <line num="12" count="1" type="cond" truecount="1" falsecount="0"/>
        <line num="13" count="55" type="stmt"/>
        <line num="14" count="55" type="stmt"/>
        <line num="15" count="55" type="stmt"/>
        <line num="17" count="55" type="cond" truecount="1" falsecount="0"/>
        <line num="18" count="12" type="cond" truecount="1" falsecount="0"/>
        <line num="19" count="3" type="stmt"/>
        <line num="20" count="3" type="stmt"/>
        <line num="21" count="3" type="stmt"/>
        <line num="22" count="12" type="cond" truecount="1" falsecount="0"/>
        <line num="23" count="9" type="stmt"/>
        <line num="24" count="9" type="stmt"/>
        <line num="25" count="9" type="stmt"/>
        <line num="26" count="9" type="stmt"/>
        <line num="27" count="55" type="stmt"/>
        <line num="29" count="55" type="stmt"/>
        <line num="30" count="0" type="stmt"/>
        <line num="31" count="0" type="stmt"/>
        <line num="32" count="0" type="stmt"/>
        <line num="34" count="55" type="stmt"/>
        <line num="35" count="55" type="stmt"/>
        <line num="36" count="55" type="stmt"/>
        <line num="37" count="55" type="cond" truecount="2" falsecount="0"/>
        <line num="38" count="55" type="stmt"/>
        <line num="39" count="55" type="stmt"/>
        <line num="40" count="55" type="stmt"/>
        <line num="41" count="55" type="stmt"/>
        <line num="42" count="55" type="stmt"/>
        <line num="43" count="55" type="stmt"/>
        <line num="44" count="55" type="stmt"/>
        <line num="45" count="55" type="stmt"/>
        <line num="46" count="55" type="stmt"/>
        <line num="47" count="55" type="stmt"/>
        <line num="48" count="55" type="stmt"/>
        <line num="49" count="55" type="cond" truecount="1" falsecount="0"/>
        <line num="50" count="55" type="stmt"/>
        <line num="51" count="55" type="stmt"/>
        <line num="52" count="55" type="stmt"/>
        <line num="53" count="55" type="stmt"/>
        <line num="54" count="55" type="stmt"/>
        <line num="55" count="55" type="stmt"/>
        <line num="56" count="55" type="stmt"/>
        <line num="57" count="55" type="stmt"/>
        <line num="58" count="55" type="stmt"/>
        <line num="59" count="55" type="stmt"/>
        <line num="60" count="55" type="stmt"/>
        <line num="61" count="55" type="cond" truecount="1" falsecount="0"/>
        <line num="62" count="55" type="stmt"/>
        <line num="63" count="55" type="stmt"/>
        <line num="64" count="55" type="stmt"/>
        <line num="65" count="55" type="stmt"/>
        <line num="66" count="55" type="stmt"/>
        <line num="67" count="55" type="stmt"/>
        <line num="68" count="55" type="stmt"/>
        <line num="69" count="55" type="stmt"/>
        <line num="70" count="55" type="stmt"/>
        <line num="71" count="55" type="stmt"/>
        <line num="72" count="55" type="stmt"/>
        <line num="73" count="55" type="cond" truecount="1" falsecount="0"/>
        <line num="74" count="55" type="stmt"/>
        <line num="75" count="55" type="stmt"/>
        <line num="76" count="55" type="stmt"/>
        <line num="77" count="55" type="stmt"/>
        <line num="78" count="55" type="stmt"/>
        <line num="79" count="55" type="stmt"/>
        <line num="80" count="55" type="stmt"/>
        <line num="81" count="55" type="cond" truecount="1" falsecount="0"/>
        <line num="82" count="18" type="stmt"/>
        <line num="84" count="55" type="stmt"/>
        <line num="85" count="55" type="stmt"/>
        <line num="86" count="55" type="stmt"/>
        <line num="87" count="55" type="stmt"/>
        <line num="88" count="55" type="stmt"/>
        <line num="90" count="55" type="stmt"/>
        <line num="92" count="1" type="stmt"/>
      </file>
      <file name="CustomerTable.tsx" path="C:\ReactProject\react-phase-1\src\components\CustomerTable.tsx">
        <metrics statements="29" coveredstatements="29" conditionals="7" coveredconditionals="7" methods="2" coveredmethods="2"/>
        <line num="1" count="1" type="stmt"/>
        <line num="10" count="1" type="cond" truecount="1" falsecount="0"/>
        <line num="11" count="41" type="stmt"/>
        <line num="12" count="41" type="stmt"/>
        <line num="13" count="41" type="stmt"/>
        <line num="14" count="41" type="stmt"/>
        <line num="15" count="41" type="stmt"/>
        <line num="16" count="41" type="stmt"/>
        <line num="17" count="41" type="stmt"/>
        <line num="18" count="41" type="stmt"/>
        <line num="19" count="41" type="stmt"/>
        <line num="20" count="41" type="stmt"/>
        <line num="21" count="41" type="stmt"/>
        <line num="22" count="41" type="cond" truecount="1" falsecount="0"/>
        <line num="23" count="51" type="stmt"/>
        <line num="24" count="51" type="stmt"/>
        <line num="25" count="51" type="cond" truecount="2" falsecount="0"/>
        <line num="26" count="51" type="cond" truecount="1" falsecount="0"/>
        <line num="27" count="51" type="cond" truecount="2" falsecount="0"/>
        <line num="29" count="51" type="stmt"/>
        <line num="30" count="51" type="stmt"/>
        <line num="31" count="51" type="stmt"/>
        <line num="32" count="51" type="stmt"/>
        <line num="33" count="51" type="stmt"/>
        <line num="34" count="41" type="stmt"/>
        <line num="35" count="41" type="stmt"/>
        <line num="36" count="41" type="stmt"/>
        <line num="38" count="41" type="stmt"/>
        <line num="40" count="1" type="stmt"/>
      </file>
    </package>
    <package name="src.data">
      <metrics statements="76" coveredstatements="0" conditionals="1" coveredconditionals="0" methods="1" coveredmethods="0"/>
      <file name="memdb.js" path="C:\ReactProject\react-phase-1\src\data\memdb.js">
        <metrics statements="76" coveredstatements="0" conditionals="1" coveredconditionals="0" methods="1" coveredmethods="0"/>
        <line num="1" count="0" type="cond" truecount="0" falsecount="1"/>
        <line num="2" count="0" type="stmt"/>
        <line num="3" count="0" type="stmt"/>
        <line num="4" count="0" type="stmt"/>
        <line num="5" count="0" type="stmt"/>
        <line num="6" count="0" type="stmt"/>
        <line num="7" count="0" type="stmt"/>
        <line num="8" count="0" type="stmt"/>
        <line num="9" count="0" type="stmt"/>
        <line num="10" count="0" type="stmt"/>
        <line num="11" count="0" type="stmt"/>
        <line num="12" count="0" type="stmt"/>
        <line num="13" count="0" type="stmt"/>
        <line num="14" count="0" type="stmt"/>
        <line num="15" count="0" type="stmt"/>
        <line num="16" count="0" type="stmt"/>
        <line num="17" count="0" type="stmt"/>
        <line num="18" count="0" type="stmt"/>
        <line num="19" count="0" type="stmt"/>
        <line num="20" count="0" type="stmt"/>
        <line num="21" count="0" type="stmt"/>
        <line num="22" count="0" type="stmt"/>
        <line num="23" count="0" type="stmt"/>
        <line num="24" count="0" type="stmt"/>
        <line num="25" count="0" type="stmt"/>
        <line num="26" count="0" type="stmt"/>
        <line num="27" count="0" type="stmt"/>
        <line num="28" count="0" type="stmt"/>
        <line num="29" count="0" type="stmt"/>
        <line num="30" count="0" type="stmt"/>
        <line num="31" count="0" type="stmt"/>
        <line num="32" count="0" type="stmt"/>
        <line num="33" count="0" type="stmt"/>
        <line num="34" count="0" type="stmt"/>
        <line num="35" count="0" type="stmt"/>
        <line num="36" count="0" type="stmt"/>
        <line num="37" count="0" type="stmt"/>
        <line num="38" count="0" type="stmt"/>
        <line num="39" count="0" type="stmt"/>
        <line num="40" count="0" type="stmt"/>
        <line num="41" count="0" type="stmt"/>
        <line num="42" count="0" type="stmt"/>
        <line num="43" count="0" type="stmt"/>
        <line num="44" count="0" type="stmt"/>
        <line num="45" count="0" type="stmt"/>
        <line num="46" count="0" type="stmt"/>
        <line num="47" count="0" type="stmt"/>
        <line num="48" count="0" type="stmt"/>
        <line num="49" count="0" type="stmt"/>
        <line num="50" count="0" type="stmt"/>
        <line num="51" count="0" type="stmt"/>
        <line num="52" count="0" type="stmt"/>
        <line num="53" count="0" type="stmt"/>
        <line num="54" count="0" type="stmt"/>
        <line num="55" count="0" type="stmt"/>
        <line num="56" count="0" type="stmt"/>
        <line num="57" count="0" type="stmt"/>
        <line num="58" count="0" type="stmt"/>
        <line num="59" count="0" type="stmt"/>
        <line num="60" count="0" type="stmt"/>
        <line num="61" count="0" type="stmt"/>
        <line num="62" count="0" type="stmt"/>
        <line num="63" count="0" type="stmt"/>
        <line num="64" count="0" type="stmt"/>
        <line num="65" count="0" type="stmt"/>
        <line num="66" count="0" type="stmt"/>
        <line num="67" count="0" type="stmt"/>
        <line num="68" count="0" type="stmt"/>
        <line num="69" count="0" type="stmt"/>
        <line num="70" count="0" type="stmt"/>
        <line num="71" count="0" type="stmt"/>
        <line num="72" count="0" type="stmt"/>
        <line num="73" count="0" type="stmt"/>
        <line num="74" count="0" type="stmt"/>
        <line num="75" count="0" type="stmt"/>
        <line num="76" count="0" type="stmt"/>
      </file>
    </package>
    <package name="src.services">
      <metrics statements="0" coveredstatements="0" conditionals="1" coveredconditionals="1" methods="1" coveredmethods="1"/>
      <file name="customerAPI.ts" path="C:\ReactProject\react-phase-1\src\services\customerAPI.ts">
        <metrics statements="0" coveredstatements="0" conditionals="1" coveredconditionals="1" methods="1" coveredmethods="1"/>
      </file>
    </package>
  </project>
</coverage>
