{"C:\\ReactProject\\react-phase-1\\src\\App.tsx": {"path":"C:\\ReactProject\\react-phase-1\\src\\App.tsx","all":false,"statementMap":{"0":{"start":{"line":1,"column":0},"end":{"line":1,"column":43}},"1":{"start":{"line":2,"column":0},"end":{"line":2,"column":45}},"2":{"start":{"line":3,"column":0},"end":{"line":3,"column":18}},"3":{"start":{"line":4,"column":0},"end":{"line":4,"column":55}},"4":{"start":{"line":5,"column":0},"end":{"line":5,"column":53}},"13":{"start":{"line":14,"column":0},"end":{"line":14,"column":16}},"18":{"start":{"line":19,"column":0},"end":{"line":19,"column":64}},"19":{"start":{"line":20,"column":0},"end":{"line":20,"column":57}},"20":{"start":{"line":21,"column":0},"end":{"line":21,"column":35}},"21":{"start":{"line":22,"column":0},"end":{"line":22,"column":26}},"22":{"start":{"line":23,"column":0},"end":{"line":23,"column":73}},"23":{"start":{"line":24,"column":0},"end":{"line":24,"column":52}},"26":{"start":{"line":27,"column":0},"end":{"line":27,"column":19}},"27":{"start":{"line":28,"column":0},"end":{"line":28,"column":40}},"28":{"start":{"line":29,"column":0},"end":{"line":29,"column":11}},"29":{"start":{"line":30,"column":0},"end":{"line":30,"column":72}},"30":{"start":{"line":31,"column":0},"end":{"line":31,"column":43}},"31":{"start":{"line":32,"column":0},"end":{"line":32,"column":25}},"32":{"start":{"line":33,"column":0},"end":{"line":33,"column":23}},"33":{"start":{"line":34,"column":0},"end":{"line":34,"column":58}},"34":{"start":{"line":35,"column":0},"end":{"line":35,"column":7}},"35":{"start":{"line":36,"column":0},"end":{"line":36,"column":6}},"36":{"start":{"line":37,"column":0},"end":{"line":37,"column":21}},"37":{"start":{"line":38,"column":0},"end":{"line":38,"column":30}},"38":{"start":{"line":39,"column":0},"end":{"line":39,"column":24}},"40":{"start":{"line":41,"column":0},"end":{"line":41,"column":27}},"41":{"start":{"line":42,"column":0},"end":{"line":42,"column":38}},"42":{"start":{"line":43,"column":0},"end":{"line":43,"column":23}},"43":{"start":{"line":44,"column":0},"end":{"line":44,"column":4}},"45":{"start":{"line":46,"column":0},"end":{"line":46,"column":64}},"46":{"start":{"line":47,"column":0},"end":{"line":47,"column":9}},"47":{"start":{"line":48,"column":0},"end":{"line":48,"column":22}},"48":{"start":{"line":49,"column":0},"end":{"line":49,"column":70}},"49":{"start":{"line":50,"column":0},"end":{"line":50,"column":46}},"50":{"start":{"line":51,"column":0},"end":{"line":51,"column":17}},"51":{"start":{"line":52,"column":0},"end":{"line":52,"column":9}},"54":{"start":{"line":55,"column":0},"end":{"line":55,"column":73}},"55":{"start":{"line":56,"column":0},"end":{"line":56,"column":25}},"56":{"start":{"line":57,"column":0},"end":{"line":57,"column":20}},"57":{"start":{"line":58,"column":0},"end":{"line":58,"column":47}},"58":{"start":{"line":59,"column":0},"end":{"line":59,"column":12}},"59":{"start":{"line":60,"column":0},"end":{"line":60,"column":41}},"60":{"start":{"line":61,"column":0},"end":{"line":61,"column":11}},"62":{"start":{"line":63,"column":0},"end":{"line":63,"column":27}},"63":{"start":{"line":64,"column":0},"end":{"line":64,"column":68}},"64":{"start":{"line":65,"column":0},"end":{"line":65,"column":9}},"66":{"start":{"line":67,"column":0},"end":{"line":67,"column":28}},"67":{"start":{"line":68,"column":0},"end":{"line":68,"column":42}},"69":{"start":{"line":70,"column":0},"end":{"line":70,"column":53}},"71":{"start":{"line":72,"column":0},"end":{"line":72,"column":93}},"72":{"start":{"line":73,"column":0},"end":{"line":73,"column":24}},"73":{"start":{"line":74,"column":0},"end":{"line":74,"column":20}},"74":{"start":{"line":75,"column":0},"end":{"line":75,"column":47}},"75":{"start":{"line":76,"column":0},"end":{"line":76,"column":12}},"76":{"start":{"line":77,"column":0},"end":{"line":77,"column":70}},"77":{"start":{"line":78,"column":0},"end":{"line":78,"column":11}},"79":{"start":{"line":80,"column":0},"end":{"line":80,"column":27}},"80":{"start":{"line":81,"column":0},"end":{"line":81,"column":68}},"81":{"start":{"line":82,"column":0},"end":{"line":82,"column":9}},"84":{"start":{"line":85,"column":0},"end":{"line":85,"column":46}},"85":{"start":{"line":86,"column":0},"end":{"line":86,"column":68}},"86":{"start":{"line":87,"column":0},"end":{"line":87,"column":7}},"89":{"start":{"line":90,"column":0},"end":{"line":90,"column":31}},"91":{"start":{"line":92,"column":0},"end":{"line":92,"column":21}},"92":{"start":{"line":93,"column":0},"end":{"line":93,"column":53}},"93":{"start":{"line":94,"column":0},"end":{"line":94,"column":76}},"94":{"start":{"line":95,"column":0},"end":{"line":95,"column":5}},"95":{"start":{"line":96,"column":0},"end":{"line":96,"column":4}},"97":{"start":{"line":98,"column":0},"end":{"line":98,"column":36}},"98":{"start":{"line":99,"column":0},"end":{"line":99,"column":9}},"99":{"start":{"line":100,"column":0},"end":{"line":100,"column":46}},"101":{"start":{"line":102,"column":0},"end":{"line":102,"column":93}},"102":{"start":{"line":103,"column":0},"end":{"line":103,"column":27}},"103":{"start":{"line":104,"column":0},"end":{"line":104,"column":11}},"105":{"start":{"line":106,"column":0},"end":{"line":106,"column":27}},"106":{"start":{"line":107,"column":0},"end":{"line":107,"column":68}},"107":{"start":{"line":108,"column":0},"end":{"line":108,"column":9}},"110":{"start":{"line":111,"column":0},"end":{"line":111,"column":42}},"111":{"start":{"line":112,"column":0},"end":{"line":112,"column":28}},"114":{"start":{"line":115,"column":0},"end":{"line":115,"column":33}},"115":{"start":{"line":116,"column":0},"end":{"line":116,"column":56}},"116":{"start":{"line":117,"column":0},"end":{"line":117,"column":59}},"118":{"start":{"line":119,"column":0},"end":{"line":119,"column":7}},"119":{"start":{"line":120,"column":0},"end":{"line":120,"column":21}},"120":{"start":{"line":121,"column":0},"end":{"line":121,"column":55}},"121":{"start":{"line":122,"column":0},"end":{"line":122,"column":78}},"122":{"start":{"line":123,"column":0},"end":{"line":123,"column":5}},"123":{"start":{"line":124,"column":0},"end":{"line":124,"column":4}},"125":{"start":{"line":126,"column":0},"end":{"line":126,"column":30}},"126":{"start":{"line":127,"column":0},"end":{"line":127,"column":38}},"127":{"start":{"line":128,"column":0},"end":{"line":128,"column":24}},"128":{"start":{"line":129,"column":0},"end":{"line":129,"column":4}},"130":{"start":{"line":131,"column":0},"end":{"line":131,"column":72}},"132":{"start":{"line":133,"column":0},"end":{"line":133,"column":10}},"133":{"start":{"line":134,"column":0},"end":{"line":134,"column":36}},"134":{"start":{"line":135,"column":0},"end":{"line":135,"column":27}},"135":{"start":{"line":136,"column":0},"end":{"line":136,"column":32}},"136":{"start":{"line":137,"column":0},"end":{"line":137,"column":88}},"137":{"start":{"line":138,"column":0},"end":{"line":138,"column":32}},"138":{"start":{"line":139,"column":0},"end":{"line":139,"column":91}},"139":{"start":{"line":140,"column":0},"end":{"line":140,"column":53}},"140":{"start":{"line":141,"column":0},"end":{"line":141,"column":68}},"141":{"start":{"line":142,"column":0},"end":{"line":142,"column":24}},"142":{"start":{"line":143,"column":0},"end":{"line":143,"column":34}},"143":{"start":{"line":144,"column":0},"end":{"line":144,"column":112}},"144":{"start":{"line":145,"column":0},"end":{"line":145,"column":62}},"145":{"start":{"line":146,"column":0},"end":{"line":146,"column":37}},"146":{"start":{"line":147,"column":0},"end":{"line":147,"column":17}},"148":{"start":{"line":149,"column":0},"end":{"line":149,"column":25}},"149":{"start":{"line":150,"column":0},"end":{"line":150,"column":20}},"150":{"start":{"line":151,"column":0},"end":{"line":151,"column":18}},"151":{"start":{"line":152,"column":0},"end":{"line":152,"column":43}},"153":{"start":{"line":154,"column":0},"end":{"line":154,"column":77}},"154":{"start":{"line":155,"column":0},"end":{"line":155,"column":30}},"155":{"start":{"line":156,"column":0},"end":{"line":156,"column":37}},"156":{"start":{"line":157,"column":0},"end":{"line":157,"column":47}},"157":{"start":{"line":158,"column":0},"end":{"line":158,"column":39}},"159":{"start":{"line":160,"column":0},"end":{"line":160,"column":50}},"160":{"start":{"line":161,"column":0},"end":{"line":161,"column":56}},"161":{"start":{"line":162,"column":0},"end":{"line":162,"column":28}},"162":{"start":{"line":163,"column":0},"end":{"line":163,"column":46}},"163":{"start":{"line":164,"column":0},"end":{"line":164,"column":21}},"164":{"start":{"line":165,"column":0},"end":{"line":165,"column":40}},"165":{"start":{"line":166,"column":0},"end":{"line":166,"column":20}},"166":{"start":{"line":167,"column":0},"end":{"line":167,"column":18}},"167":{"start":{"line":168,"column":0},"end":{"line":168,"column":20}},"168":{"start":{"line":169,"column":0},"end":{"line":169,"column":18}},"169":{"start":{"line":170,"column":0},"end":{"line":170,"column":16}},"170":{"start":{"line":171,"column":0},"end":{"line":171,"column":64}},"171":{"start":{"line":172,"column":0},"end":{"line":172,"column":25}},"172":{"start":{"line":173,"column":0},"end":{"line":173,"column":49}},"173":{"start":{"line":174,"column":0},"end":{"line":174,"column":65}},"174":{"start":{"line":175,"column":0},"end":{"line":175,"column":33}},"175":{"start":{"line":176,"column":0},"end":{"line":176,"column":37}},"176":{"start":{"line":177,"column":0},"end":{"line":177,"column":37}},"177":{"start":{"line":178,"column":0},"end":{"line":178,"column":14}},"179":{"start":{"line":180,"column":0},"end":{"line":180,"column":14}},"180":{"start":{"line":181,"column":0},"end":{"line":181,"column":12}},"181":{"start":{"line":182,"column":0},"end":{"line":182,"column":10}},"183":{"start":{"line":184,"column":0},"end":{"line":184,"column":1}},"185":{"start":{"line":186,"column":0},"end":{"line":186,"column":18}}},"s":{"0":1,"1":1,"2":1,"3":1,"4":1,"13":42,"18":42,"19":42,"20":42,"21":42,"22":42,"23":42,"26":42,"27":15,"28":15,"29":15,"30":15,"31":15,"32":15,"33":0,"34":0,"35":15,"36":15,"37":15,"38":42,"40":42,"41":3,"42":3,"43":3,"45":42,"46":0,"47":0,"48":0,"49":0,"50":0,"51":0,"54":0,"55":0,"56":0,"57":0,"58":0,"59":0,"60":0,"62":0,"63":0,"64":0,"66":0,"67":0,"69":0,"71":0,"72":0,"73":0,"74":0,"75":0,"76":0,"77":0,"79":0,"80":0,"81":0,"84":0,"85":0,"86":0,"89":0,"91":0,"92":0,"93":0,"94":0,"95":0,"97":42,"98":1,"99":1,"101":1,"102":1,"103":1,"105":1,"106":0,"107":0,"110":1,"111":1,"114":1,"115":1,"116":1,"118":1,"119":1,"120":0,"121":0,"122":0,"123":1,"125":42,"126":0,"127":0,"128":0,"130":42,"132":42,"133":42,"134":42,"135":42,"136":42,"137":42,"138":42,"139":42,"140":42,"141":42,"142":42,"143":42,"144":42,"145":42,"146":42,"148":42,"149":42,"150":42,"151":42,"153":42,"154":42,"155":42,"156":42,"157":42,"159":11,"160":2,"161":11,"162":9,"163":9,"164":11,"165":11,"166":42,"167":42,"168":42,"169":42,"170":42,"171":12,"172":12,"173":12,"174":12,"175":12,"176":12,"177":12,"179":42,"180":42,"181":42,"183":42,"185":1},"branchMap":{"0":{"type":"branch","line":14,"loc":{"start":{"line":14,"column":0},"end":{"line":184,"column":1}},"locations":[{"start":{"line":14,"column":0},"end":{"line":184,"column":1}}]},"1":{"type":"branch","line":144,"loc":{"start":{"line":144,"column":57},"end":{"line":144,"column":96}},"locations":[{"start":{"line":144,"column":57},"end":{"line":144,"column":96}}]},"2":{"type":"branch","line":144,"loc":{"start":{"line":144,"column":72},"end":{"line":144,"column":109}},"locations":[{"start":{"line":144,"column":72},"end":{"line":144,"column":109}}]},"3":{"type":"branch","line":171,"loc":{"start":{"line":171,"column":33},"end":{"line":171,"column":64}},"locations":[{"start":{"line":171,"column":33},"end":{"line":171,"column":64}}]},"4":{"type":"branch","line":171,"loc":{"start":{"line":171,"column":49},"end":{"line":178,"column":14}},"locations":[{"start":{"line":171,"column":49},"end":{"line":178,"column":14}}]},"5":{"type":"branch","line":173,"loc":{"start":{"line":173,"column":20},"end":{"line":173,"column":40}},"locations":[{"start":{"line":173,"column":20},"end":{"line":173,"column":40}}]},"6":{"type":"branch","line":173,"loc":{"start":{"line":173,"column":32},"end":{"line":173,"column":49}},"locations":[{"start":{"line":173,"column":32},"end":{"line":173,"column":49}}]},"7":{"type":"branch","line":174,"loc":{"start":{"line":174,"column":24},"end":{"line":174,"column":48}},"locations":[{"start":{"line":174,"column":24},"end":{"line":174,"column":48}}]},"8":{"type":"branch","line":174,"loc":{"start":{"line":174,"column":36},"end":{"line":174,"column":65}},"locations":[{"start":{"line":174,"column":36},"end":{"line":174,"column":65}}]},"9":{"type":"branch","line":27,"loc":{"start":{"line":27,"column":12},"end":{"line":39,"column":5}},"locations":[{"start":{"line":27,"column":12},"end":{"line":39,"column":5}}]},"10":{"type":"branch","line":28,"loc":{"start":{"line":28,"column":27},"end":{"line":36,"column":6}},"locations":[{"start":{"line":28,"column":27},"end":{"line":36,"column":6}}]},"11":{"type":"branch","line":33,"loc":{"start":{"line":33,"column":6},"end":{"line":35,"column":7}},"locations":[{"start":{"line":33,"column":6},"end":{"line":35,"column":7}}]},"12":{"type":"branch","line":41,"loc":{"start":{"line":41,"column":20},"end":{"line":44,"column":4}},"locations":[{"start":{"line":41,"column":20},"end":{"line":44,"column":4}}]},"13":{"type":"branch","line":98,"loc":{"start":{"line":98,"column":23},"end":{"line":124,"column":4}},"locations":[{"start":{"line":98,"column":23},"end":{"line":124,"column":4}}]},"14":{"type":"branch","line":106,"loc":{"start":{"line":106,"column":26},"end":{"line":108,"column":9}},"locations":[{"start":{"line":106,"column":26},"end":{"line":108,"column":9}}]},"15":{"type":"branch","line":120,"loc":{"start":{"line":120,"column":4},"end":{"line":123,"column":5}},"locations":[{"start":{"line":120,"column":4},"end":{"line":123,"column":5}}]},"16":{"type":"branch","line":131,"loc":{"start":{"line":131,"column":40},"end":{"line":131,"column":70}},"locations":[{"start":{"line":131,"column":40},"end":{"line":131,"column":70}}]},"17":{"type":"branch","line":158,"loc":{"start":{"line":158,"column":30},"end":{"line":166,"column":20}},"locations":[{"start":{"line":158,"column":30},"end":{"line":166,"column":20}}]},"18":{"type":"branch","line":160,"loc":{"start":{"line":160,"column":49},"end":{"line":162,"column":27}},"locations":[{"start":{"line":160,"column":49},"end":{"line":162,"column":27}}]},"19":{"type":"branch","line":162,"loc":{"start":{"line":162,"column":20},"end":{"line":164,"column":21}},"locations":[{"start":{"line":162,"column":20},"end":{"line":164,"column":21}}]}},"b":{"0":[42],"1":[9],"2":[33],"3":[33],"4":[12],"5":[3],"6":[9],"7":[3],"8":[9],"9":[15],"10":[15],"11":[0],"12":[3],"13":[1],"14":[0],"15":[0],"16":[44],"17":[11],"18":[2],"19":[9]},"fnMap":{"0":{"name":"App","decl":{"start":{"line":14,"column":0},"end":{"line":184,"column":1}},"loc":{"start":{"line":14,"column":0},"end":{"line":184,"column":1}},"line":14},"1":{"name":"fetchCustomers","decl":{"start":{"line":28,"column":27},"end":{"line":36,"column":6}},"loc":{"start":{"line":28,"column":27},"end":{"line":36,"column":6}},"line":28},"2":{"name":"handleAdd","decl":{"start":{"line":41,"column":20},"end":{"line":44,"column":4}},"loc":{"start":{"line":41,"column":20},"end":{"line":44,"column":4}},"line":41},"3":{"name":"handleSave","decl":{"start":{"line":46,"column":21},"end":{"line":96,"column":4}},"loc":{"start":{"line":46,"column":21},"end":{"line":96,"column":4}},"line":46},"4":{"name":"handleDelete","decl":{"start":{"line":98,"column":23},"end":{"line":124,"column":4}},"loc":{"start":{"line":98,"column":23},"end":{"line":124,"column":4}},"line":98},"5":{"name":"handleCancel","decl":{"start":{"line":126,"column":23},"end":{"line":129,"column":4}},"loc":{"start":{"line":126,"column":23},"end":{"line":129,"column":4}},"line":126},"6":{"name":"onRowClick","decl":{"start":{"line":158,"column":30},"end":{"line":166,"column":20}},"loc":{"start":{"line":158,"column":30},"end":{"line":166,"column":20}},"line":158}},"f":{"0":42,"1":15,"2":3,"3":0,"4":1,"5":0,"6":11}}
,"C:\\ReactProject\\react-phase-1\\src\\main.tsx": {"path":"C:\\ReactProject\\react-phase-1\\src\\main.tsx","all":true,"statementMap":{"0":{"start":{"line":1,"column":0},"end":{"line":1,"column":34}},"1":{"start":{"line":2,"column":0},"end":{"line":2,"column":45}},"2":{"start":{"line":3,"column":0},"end":{"line":3,"column":45}},"3":{"start":{"line":4,"column":0},"end":{"line":4,"column":20}},"4":{"start":{"line":5,"column":0},"end":{"line":5,"column":27}},"6":{"start":{"line":7,"column":0},"end":{"line":7,"column":52}},"7":{"start":{"line":8,"column":0},"end":{"line":8,"column":14}},"8":{"start":{"line":9,"column":0},"end":{"line":9,"column":11}},"9":{"start":{"line":10,"column":0},"end":{"line":10,"column":16}},"10":{"start":{"line":11,"column":0},"end":{"line":11,"column":1}}},"s":{"0":0,"1":0,"2":0,"3":0,"4":0,"6":0,"7":0,"8":0,"9":0,"10":0},"branchMap":{"0":{"type":"branch","line":1,"loc":{"start":{"line":1,"column":257},"end":{"line":11,"column":-203}},"locations":[{"start":{"line":1,"column":257},"end":{"line":11,"column":-203}}]}},"b":{"0":[0]},"fnMap":{"0":{"name":"(empty-report)","decl":{"start":{"line":1,"column":257},"end":{"line":11,"column":-203}},"loc":{"start":{"line":1,"column":257},"end":{"line":11,"column":-203}},"line":1}},"f":{"0":0}}
,"C:\\ReactProject\\react-phase-1\\src\\components\\CustomerForm.tsx": {"path":"C:\\ReactProject\\react-phase-1\\src\\components\\CustomerForm.tsx","all":false,"statementMap":{"0":{"start":{"line":1,"column":0},"end":{"line":1,"column":51}},"11":{"start":{"line":12,"column":0},"end":{"line":12,"column":103}},"12":{"start":{"line":13,"column":0},"end":{"line":13,"column":39}},"13":{"start":{"line":14,"column":0},"end":{"line":14,"column":41}},"14":{"start":{"line":15,"column":0},"end":{"line":15,"column":47}},"16":{"start":{"line":17,"column":0},"end":{"line":17,"column":19}},"17":{"start":{"line":18,"column":0},"end":{"line":18,"column":25}},"18":{"start":{"line":19,"column":0},"end":{"line":19,"column":18}},"19":{"start":{"line":20,"column":0},"end":{"line":20,"column":19}},"20":{"start":{"line":21,"column":0},"end":{"line":21,"column":22}},"21":{"start":{"line":22,"column":0},"end":{"line":22,"column":26}},"22":{"start":{"line":23,"column":0},"end":{"line":23,"column":29}},"23":{"start":{"line":24,"column":0},"end":{"line":24,"column":31}},"24":{"start":{"line":25,"column":0},"end":{"line":25,"column":37}},"25":{"start":{"line":26,"column":0},"end":{"line":26,"column":5}},"26":{"start":{"line":27,"column":0},"end":{"line":27,"column":23}},"28":{"start":{"line":29,"column":0},"end":{"line":29,"column":46}},"29":{"start":{"line":30,"column":0},"end":{"line":30,"column":23}},"30":{"start":{"line":31,"column":0},"end":{"line":31,"column":38}},"31":{"start":{"line":32,"column":0},"end":{"line":32,"column":4}},"33":{"start":{"line":34,"column":0},"end":{"line":34,"column":10}},"34":{"start":{"line":35,"column":0},"end":{"line":35,"column":31}},"35":{"start":{"line":36,"column":0},"end":{"line":36,"column":35}},"36":{"start":{"line":37,"column":0},"end":{"line":37,"column":91}},"37":{"start":{"line":38,"column":0},"end":{"line":38,"column":12}},"38":{"start":{"line":39,"column":0},"end":{"line":39,"column":33}},"39":{"start":{"line":40,"column":0},"end":{"line":40,"column":64}},"40":{"start":{"line":41,"column":0},"end":{"line":41,"column":31}},"41":{"start":{"line":42,"column":0},"end":{"line":42,"column":43}},"42":{"start":{"line":43,"column":0},"end":{"line":43,"column":79}},"43":{"start":{"line":44,"column":0},"end":{"line":44,"column":20}},"44":{"start":{"line":45,"column":0},"end":{"line":45,"column":27}},"45":{"start":{"line":46,"column":0},"end":{"line":46,"column":40}},"46":{"start":{"line":47,"column":0},"end":{"line":47,"column":33}},"47":{"start":{"line":48,"column":0},"end":{"line":48,"column":28}},"48":{"start":{"line":49,"column":0},"end":{"line":49,"column":57}},"49":{"start":{"line":50,"column":0},"end":{"line":50,"column":49}},"50":{"start":{"line":51,"column":0},"end":{"line":51,"column":24}},"51":{"start":{"line":52,"column":0},"end":{"line":52,"column":16}},"52":{"start":{"line":53,"column":0},"end":{"line":53,"column":18}},"53":{"start":{"line":54,"column":0},"end":{"line":54,"column":43}},"54":{"start":{"line":55,"column":0},"end":{"line":55,"column":81}},"55":{"start":{"line":56,"column":0},"end":{"line":56,"column":20}},"56":{"start":{"line":57,"column":0},"end":{"line":57,"column":28}},"57":{"start":{"line":58,"column":0},"end":{"line":58,"column":40}},"58":{"start":{"line":59,"column":0},"end":{"line":59,"column":34}},"59":{"start":{"line":60,"column":0},"end":{"line":60,"column":29}},"60":{"start":{"line":61,"column":0},"end":{"line":61,"column":58}},"61":{"start":{"line":62,"column":0},"end":{"line":62,"column":49}},"62":{"start":{"line":63,"column":0},"end":{"line":63,"column":24}},"63":{"start":{"line":64,"column":0},"end":{"line":64,"column":16}},"64":{"start":{"line":65,"column":0},"end":{"line":65,"column":18}},"65":{"start":{"line":66,"column":0},"end":{"line":66,"column":43}},"66":{"start":{"line":67,"column":0},"end":{"line":67,"column":87}},"67":{"start":{"line":68,"column":0},"end":{"line":68,"column":20}},"68":{"start":{"line":69,"column":0},"end":{"line":69,"column":31}},"69":{"start":{"line":70,"column":0},"end":{"line":70,"column":40}},"70":{"start":{"line":71,"column":0},"end":{"line":71,"column":37}},"71":{"start":{"line":72,"column":0},"end":{"line":72,"column":32}},"72":{"start":{"line":73,"column":0},"end":{"line":73,"column":61}},"73":{"start":{"line":74,"column":0},"end":{"line":74,"column":44}},"74":{"start":{"line":75,"column":0},"end":{"line":75,"column":24}},"75":{"start":{"line":76,"column":0},"end":{"line":76,"column":16}},"76":{"start":{"line":77,"column":0},"end":{"line":77,"column":18}},"77":{"start":{"line":78,"column":0},"end":{"line":78,"column":16}},"78":{"start":{"line":79,"column":0},"end":{"line":79,"column":45}},"79":{"start":{"line":80,"column":0},"end":{"line":80,"column":96}},"80":{"start":{"line":81,"column":0},"end":{"line":81,"column":35}},"81":{"start":{"line":82,"column":0},"end":{"line":82,"column":97}},"83":{"start":{"line":84,"column":0},"end":{"line":84,"column":98}},"84":{"start":{"line":85,"column":0},"end":{"line":85,"column":16}},"85":{"start":{"line":86,"column":0},"end":{"line":86,"column":15}},"86":{"start":{"line":87,"column":0},"end":{"line":87,"column":12}},"87":{"start":{"line":88,"column":0},"end":{"line":88,"column":10}},"89":{"start":{"line":90,"column":0},"end":{"line":90,"column":2}},"91":{"start":{"line":92,"column":0},"end":{"line":92,"column":28}}},"s":{"0":1,"11":1,"12":55,"13":55,"14":55,"16":55,"17":12,"18":3,"19":3,"20":3,"21":12,"22":9,"23":9,"24":9,"25":9,"26":55,"28":55,"29":0,"30":0,"31":0,"33":55,"34":55,"35":55,"36":55,"37":55,"38":55,"39":55,"40":55,"41":55,"42":55,"43":55,"44":55,"45":55,"46":55,"47":55,"48":55,"49":55,"50":55,"51":55,"52":55,"53":55,"54":55,"55":55,"56":55,"57":55,"58":55,"59":55,"60":55,"61":55,"62":55,"63":55,"64":55,"65":55,"66":55,"67":55,"68":55,"69":55,"70":55,"71":55,"72":55,"73":55,"74":55,"75":55,"76":55,"77":55,"78":55,"79":55,"80":55,"81":18,"83":55,"84":55,"85":55,"86":55,"87":55,"89":55,"91":1},"branchMap":{"0":{"type":"branch","line":12,"loc":{"start":{"line":12,"column":50},"end":{"line":90,"column":2}},"locations":[{"start":{"line":12,"column":50},"end":{"line":90,"column":2}}]},"1":{"type":"branch","line":37,"loc":{"start":{"line":37,"column":39},"end":{"line":37,"column":68}},"locations":[{"start":{"line":37,"column":39},"end":{"line":37,"column":68}}]},"2":{"type":"branch","line":37,"loc":{"start":{"line":37,"column":47},"end":{"line":37,"column":86}},"locations":[{"start":{"line":37,"column":47},"end":{"line":37,"column":86}}]},"3":{"type":"branch","line":81,"loc":{"start":{"line":81,"column":22},"end":{"line":82,"column":97}},"locations":[{"start":{"line":81,"column":22},"end":{"line":82,"column":97}}]},"4":{"type":"branch","line":17,"loc":{"start":{"line":17,"column":12},"end":{"line":27,"column":5}},"locations":[{"start":{"line":17,"column":12},"end":{"line":27,"column":5}}]},"5":{"type":"branch","line":18,"loc":{"start":{"line":18,"column":24},"end":{"line":22,"column":15}},"locations":[{"start":{"line":18,"column":24},"end":{"line":22,"column":15}}]},"6":{"type":"branch","line":22,"loc":{"start":{"line":22,"column":4},"end":{"line":26,"column":5}},"locations":[{"start":{"line":22,"column":4},"end":{"line":26,"column":5}}]},"7":{"type":"branch","line":49,"loc":{"start":{"line":49,"column":26},"end":{"line":49,"column":57}},"locations":[{"start":{"line":49,"column":26},"end":{"line":49,"column":57}}]},"8":{"type":"branch","line":61,"loc":{"start":{"line":61,"column":26},"end":{"line":61,"column":58}},"locations":[{"start":{"line":61,"column":26},"end":{"line":61,"column":58}}]},"9":{"type":"branch","line":73,"loc":{"start":{"line":73,"column":26},"end":{"line":73,"column":61}},"locations":[{"start":{"line":73,"column":26},"end":{"line":73,"column":61}}]}},"b":{"0":[55],"1":[37],"2":[18],"3":[18],"4":[12],"5":[3],"6":[9],"7":[8],"8":[16],"9":[9]},"fnMap":{"0":{"name":"CustomerForm","decl":{"start":{"line":12,"column":50},"end":{"line":90,"column":2}},"loc":{"start":{"line":12,"column":50},"end":{"line":90,"column":2}},"line":12},"1":{"name":"handleSave","decl":{"start":{"line":29,"column":21},"end":{"line":32,"column":4}},"loc":{"start":{"line":29,"column":21},"end":{"line":32,"column":4}},"line":29},"2":{"name":"onChange","decl":{"start":{"line":49,"column":26},"end":{"line":49,"column":57}},"loc":{"start":{"line":49,"column":26},"end":{"line":49,"column":57}},"line":49},"3":{"name":"onChange","decl":{"start":{"line":61,"column":26},"end":{"line":61,"column":58}},"loc":{"start":{"line":61,"column":26},"end":{"line":61,"column":58}},"line":61},"4":{"name":"onChange","decl":{"start":{"line":73,"column":26},"end":{"line":73,"column":61}},"loc":{"start":{"line":73,"column":26},"end":{"line":73,"column":61}},"line":73}},"f":{"0":55,"1":0,"2":8,"3":16,"4":9}}
,"C:\\ReactProject\\react-phase-1\\src\\components\\CustomerTable.tsx": {"path":"C:\\ReactProject\\react-phase-1\\src\\components\\CustomerTable.tsx","all":false,"statementMap":{"0":{"start":{"line":1,"column":0},"end":{"line":1,"column":26}},"9":{"start":{"line":10,"column":0},"end":{"line":10,"column":96}},"10":{"start":{"line":11,"column":0},"end":{"line":11,"column":10}},"11":{"start":{"line":12,"column":0},"end":{"line":12,"column":60}},"12":{"start":{"line":13,"column":0},"end":{"line":13,"column":36}},"13":{"start":{"line":14,"column":0},"end":{"line":14,"column":12}},"14":{"start":{"line":15,"column":0},"end":{"line":15,"column":32}},"15":{"start":{"line":16,"column":0},"end":{"line":16,"column":35}},"16":{"start":{"line":17,"column":0},"end":{"line":17,"column":36}},"17":{"start":{"line":18,"column":0},"end":{"line":18,"column":39}},"18":{"start":{"line":19,"column":0},"end":{"line":19,"column":13}},"19":{"start":{"line":20,"column":0},"end":{"line":20,"column":14}},"20":{"start":{"line":21,"column":0},"end":{"line":21,"column":13}},"21":{"start":{"line":22,"column":0},"end":{"line":22,"column":38}},"22":{"start":{"line":23,"column":0},"end":{"line":23,"column":13}},"23":{"start":{"line":24,"column":0},"end":{"line":24,"column":29}},"24":{"start":{"line":25,"column":0},"end":{"line":25,"column":68}},"25":{"start":{"line":26,"column":0},"end":{"line":26,"column":51}},"26":{"start":{"line":27,"column":0},"end":{"line":27,"column":101}},"28":{"start":{"line":29,"column":0},"end":{"line":29,"column":46}},"29":{"start":{"line":30,"column":0},"end":{"line":30,"column":49}},"30":{"start":{"line":31,"column":0},"end":{"line":31,"column":50}},"31":{"start":{"line":32,"column":0},"end":{"line":32,"column":53}},"32":{"start":{"line":33,"column":0},"end":{"line":33,"column":15}},"33":{"start":{"line":34,"column":0},"end":{"line":34,"column":11}},"34":{"start":{"line":35,"column":0},"end":{"line":35,"column":14}},"35":{"start":{"line":36,"column":0},"end":{"line":36,"column":12}},"37":{"start":{"line":38,"column":0},"end":{"line":38,"column":2}},"39":{"start":{"line":40,"column":0},"end":{"line":40,"column":29}}},"s":{"0":1,"9":1,"10":41,"11":41,"12":41,"13":41,"14":41,"15":41,"16":41,"17":41,"18":41,"19":41,"20":41,"21":41,"22":51,"23":51,"24":51,"25":51,"26":51,"28":51,"29":51,"30":51,"31":51,"32":51,"33":41,"34":41,"35":41,"37":41,"39":1},"branchMap":{"0":{"type":"branch","line":10,"loc":{"start":{"line":10,"column":52},"end":{"line":38,"column":2}},"locations":[{"start":{"line":10,"column":52},"end":{"line":38,"column":2}}]},"1":{"type":"branch","line":22,"loc":{"start":{"line":22,"column":23},"end":{"line":33,"column":15}},"locations":[{"start":{"line":22,"column":23},"end":{"line":33,"column":15}}]},"2":{"type":"branch","line":25,"loc":{"start":{"line":25,"column":39},"end":{"line":25,"column":65}},"locations":[{"start":{"line":25,"column":39},"end":{"line":25,"column":65}}]},"3":{"type":"branch","line":25,"loc":{"start":{"line":25,"column":52},"end":{"line":25,"column":68}},"locations":[{"start":{"line":25,"column":52},"end":{"line":25,"column":68}}]},"4":{"type":"branch","line":27,"loc":{"start":{"line":27,"column":76},"end":{"line":27,"column":90}},"locations":[{"start":{"line":27,"column":76},"end":{"line":27,"column":90}}]},"5":{"type":"branch","line":27,"loc":{"start":{"line":27,"column":81},"end":{"line":27,"column":99}},"locations":[{"start":{"line":27,"column":81},"end":{"line":27,"column":99}}]},"6":{"type":"branch","line":26,"loc":{"start":{"line":26,"column":21},"end":{"line":26,"column":51}},"locations":[{"start":{"line":26,"column":21},"end":{"line":26,"column":51}}]}},"b":{"0":[41],"1":[51],"2":[9],"3":[42],"4":[9],"5":[42],"6":[11]},"fnMap":{"0":{"name":"CustomerTable","decl":{"start":{"line":10,"column":52},"end":{"line":38,"column":2}},"loc":{"start":{"line":10,"column":52},"end":{"line":38,"column":2}},"line":10},"1":{"name":"onClick","decl":{"start":{"line":26,"column":21},"end":{"line":26,"column":51}},"loc":{"start":{"line":26,"column":21},"end":{"line":26,"column":51}},"line":26}},"f":{"0":41,"1":11}}
,"C:\\ReactProject\\react-phase-1\\src\\data\\memdb.js": {"path":"C:\\ReactProject\\react-phase-1\\src\\data\\memdb.js","all":true,"statementMap":{"0":{"start":{"line":1,"column":0},"end":{"line":1,"column":15}},"1":{"start":{"line":2,"column":0},"end":{"line":2,"column":5}},"2":{"start":{"line":3,"column":0},"end":{"line":3,"column":14}},"3":{"start":{"line":4,"column":0},"end":{"line":4,"column":30}},"4":{"start":{"line":5,"column":0},"end":{"line":5,"column":31}},"5":{"start":{"line":6,"column":0},"end":{"line":6,"column":25}},"6":{"start":{"line":7,"column":0},"end":{"line":7,"column":6}},"7":{"start":{"line":8,"column":0},"end":{"line":8,"column":5}},"8":{"start":{"line":9,"column":0},"end":{"line":9,"column":29}},"9":{"start":{"line":10,"column":0},"end":{"line":10,"column":31}},"10":{"start":{"line":11,"column":0},"end":{"line":11,"column":26}},"11":{"start":{"line":12,"column":0},"end":{"line":12,"column":13}},"12":{"start":{"line":13,"column":0},"end":{"line":13,"column":6}},"13":{"start":{"line":14,"column":0},"end":{"line":14,"column":5}},"14":{"start":{"line":15,"column":0},"end":{"line":15,"column":30}},"15":{"start":{"line":16,"column":0},"end":{"line":16,"column":31}},"16":{"start":{"line":17,"column":0},"end":{"line":17,"column":26}},"17":{"start":{"line":18,"column":0},"end":{"line":18,"column":13}},"18":{"start":{"line":19,"column":0},"end":{"line":19,"column":6}},"19":{"start":{"line":20,"column":0},"end":{"line":20,"column":0}},"20":{"start":{"line":21,"column":0},"end":{"line":21,"column":3}},"21":{"start":{"line":22,"column":0},"end":{"line":22,"column":0}},"22":{"start":{"line":23,"column":0},"end":{"line":23,"column":0}},"23":{"start":{"line":24,"column":0},"end":{"line":24,"column":25}},"24":{"start":{"line":25,"column":0},"end":{"line":25,"column":17}},"25":{"start":{"line":26,"column":0},"end":{"line":26,"column":1}},"26":{"start":{"line":27,"column":0},"end":{"line":27,"column":0}},"27":{"start":{"line":28,"column":0},"end":{"line":28,"column":25}},"28":{"start":{"line":29,"column":0},"end":{"line":29,"column":22}},"29":{"start":{"line":30,"column":0},"end":{"line":30,"column":28}},"30":{"start":{"line":31,"column":0},"end":{"line":31,"column":27}},"31":{"start":{"line":32,"column":0},"end":{"line":32,"column":26}},"32":{"start":{"line":33,"column":0},"end":{"line":33,"column":9}},"33":{"start":{"line":34,"column":0},"end":{"line":34,"column":5}},"34":{"start":{"line":35,"column":0},"end":{"line":35,"column":16}},"35":{"start":{"line":36,"column":0},"end":{"line":36,"column":1}},"36":{"start":{"line":37,"column":0},"end":{"line":37,"column":0}},"37":{"start":{"line":38,"column":0},"end":{"line":38,"column":32}},"38":{"start":{"line":39,"column":0},"end":{"line":39,"column":42}},"39":{"start":{"line":40,"column":0},"end":{"line":40,"column":52}},"40":{"start":{"line":41,"column":0},"end":{"line":41,"column":31}},"41":{"start":{"line":42,"column":0},"end":{"line":42,"column":3}},"42":{"start":{"line":43,"column":0},"end":{"line":43,"column":1}},"43":{"start":{"line":44,"column":0},"end":{"line":44,"column":0}},"44":{"start":{"line":45,"column":0},"end":{"line":45,"column":28}},"45":{"start":{"line":46,"column":0},"end":{"line":46,"column":27}},"46":{"start":{"line":47,"column":0},"end":{"line":47,"column":19}},"47":{"start":{"line":48,"column":0},"end":{"line":48,"column":29}},"48":{"start":{"line":49,"column":0},"end":{"line":49,"column":1}},"49":{"start":{"line":50,"column":0},"end":{"line":50,"column":0}},"50":{"start":{"line":51,"column":0},"end":{"line":51,"column":31}},"51":{"start":{"line":52,"column":0},"end":{"line":52,"column":41}},"52":{"start":{"line":53,"column":0},"end":{"line":53,"column":27}},"53":{"start":{"line":54,"column":0},"end":{"line":54,"column":22}},"54":{"start":{"line":55,"column":0},"end":{"line":55,"column":13}},"55":{"start":{"line":56,"column":0},"end":{"line":56,"column":5}},"56":{"start":{"line":57,"column":0},"end":{"line":57,"column":3}},"57":{"start":{"line":58,"column":0},"end":{"line":58,"column":1}},"58":{"start":{"line":59,"column":0},"end":{"line":59,"column":0}},"59":{"start":{"line":60,"column":0},"end":{"line":60,"column":32}},"60":{"start":{"line":61,"column":0},"end":{"line":61,"column":41}},"61":{"start":{"line":62,"column":0},"end":{"line":62,"column":27}},"62":{"start":{"line":63,"column":0},"end":{"line":63,"column":15}},"63":{"start":{"line":64,"column":0},"end":{"line":64,"column":5}},"64":{"start":{"line":65,"column":0},"end":{"line":65,"column":3}},"65":{"start":{"line":66,"column":0},"end":{"line":66,"column":14}},"66":{"start":{"line":67,"column":0},"end":{"line":67,"column":1}},"67":{"start":{"line":68,"column":0},"end":{"line":68,"column":0}},"68":{"start":{"line":69,"column":0},"end":{"line":69,"column":0}},"69":{"start":{"line":70,"column":0},"end":{"line":70,"column":21}},"70":{"start":{"line":71,"column":0},"end":{"line":71,"column":16}},"71":{"start":{"line":72,"column":0},"end":{"line":72,"column":26}},"72":{"start":{"line":73,"column":0},"end":{"line":73,"column":44}},"73":{"start":{"line":74,"column":0},"end":{"line":74,"column":5}},"74":{"start":{"line":75,"column":0},"end":{"line":75,"column":19}},"75":{"start":{"line":76,"column":0},"end":{"line":76,"column":1}}},"s":{"0":0,"1":0,"2":0,"3":0,"4":0,"5":0,"6":0,"7":0,"8":0,"9":0,"10":0,"11":0,"12":0,"13":0,"14":0,"15":0,"16":0,"17":0,"18":0,"19":0,"20":0,"21":0,"22":0,"23":0,"24":0,"25":0,"26":0,"27":0,"28":0,"29":0,"30":0,"31":0,"32":0,"33":0,"34":0,"35":0,"36":0,"37":0,"38":0,"39":0,"40":0,"41":0,"42":0,"43":0,"44":0,"45":0,"46":0,"47":0,"48":0,"49":0,"50":0,"51":0,"52":0,"53":0,"54":0,"55":0,"56":0,"57":0,"58":0,"59":0,"60":0,"61":0,"62":0,"63":0,"64":0,"65":0,"66":0,"67":0,"68":0,"69":0,"70":0,"71":0,"72":0,"73":0,"74":0,"75":0},"branchMap":{"0":{"type":"branch","line":1,"loc":{"start":{"line":1,"column":1380},"end":{"line":76,"column":1}},"locations":[{"start":{"line":1,"column":1380},"end":{"line":76,"column":1}}]}},"b":{"0":[0]},"fnMap":{"0":{"name":"(empty-report)","decl":{"start":{"line":1,"column":1380},"end":{"line":76,"column":1}},"loc":{"start":{"line":1,"column":1380},"end":{"line":76,"column":1}},"line":1}},"f":{"0":0}}
,"C:\\ReactProject\\react-phase-1\\src\\services\\customerAPI.ts": {"path":"C:\\ReactProject\\react-phase-1\\src\\services\\customerAPI.ts","all":true,"statementMap":{},"s":{},"branchMap":{"0":{"type":"branch","line":1,"loc":{"start":{"line":1,"column":0},"end":{"line":1,"column":0}},"locations":[{"start":{"line":1,"column":0},"end":{"line":1,"column":0}}]}},"b":{"0":[1]},"fnMap":{"0":{"name":"(empty-report)","decl":{"start":{"line":1,"column":0},"end":{"line":1,"column":0}},"loc":{"start":{"line":1,"column":0},"end":{"line":1,"column":0}},"line":1}},"f":{"0":1}}
}
